# JRE version: Java(TM) SE Runtime Environment 18.9 (11.0.12+8) (build 11.0.12+8-LTS-237)
# Java VM: Java HotSpot(TM) 64-Bit Server VM 18.9 (11.0.12+8-LTS-237, mixed mode, tiered, compressed oops, g1 gc, windows-amd64)
Heap:
 garbage-first heap   total 1718272K, used 2920K [0x0000000601a00000, 0x0000000800000000)
  region size 2048K, 1 young (2048K), 1 survivors (2048K)
 Metaspace       used 8665K, capacity 8901K, committed 9088K, reserved 1056768K
  class space    used 743K, capacity 791K, committed 896K, reserved 1048576K
GC Heap History (10 events):
Event: 16.578 GC heap after
{Heap after GC invocations=14 (full 0):
 garbage-first heap   total 524288K, used 3498K [0x0000000601a00000, 0x0000000800000000)
  region size 2048K, 2 young (4096K), 2 survivors (4096K)
 Metaspace       used 8661K, capacity 8901K, committed 9088K, reserved 1056768K
  class space    used 743K, capacity 791K, committed 896K, reserved 1048576K
}
Event: 16.601 GC heap before
{Heap before GC invocations=14 (full 0):
 garbage-first heap   total 524288K, used 310698K [0x0000000601a00000, 0x0000000800000000)
  region size 2048K, 153 young (313344K), 2 survivors (4096K)
 Metaspace       used 8665K, capacity 8901K, committed 9088K, reserved 1056768K
  class space    used 743K, capacity 791K, committed 896K, reserved 1048576K
}
Event: 16.617 GC heap after
{Heap after GC invocations=15 (full 0):
 garbage-first heap   total 739328K, used 2795K [0x0000000601a00000, 0x0000000800000000)
  region size 2048K, 2 young (4096K), 2 survivors (4096K)
 Metaspace       used 8665K, capacity 8901K, committed 9088K, reserved 1056768K
  class space    used 743K, capacity 791K, committed 896K, reserved 1048576K
}
Event: 16.688 GC heap before
{Heap before GC invocations=15 (full 0):
 garbage-first heap   total 739328K, used 439019K [0x0000000601a00000, 0x0000000800000000)
  region size 2048K, 216 young (442368K), 2 survivors (4096K)
 Metaspace       used 8665K, capacity 8901K, committed 9088K, reserved 1056768K
  class space    used 743K, capacity 791K, committed 896K, reserved 1048576K
}
Event: 16.691 GC heap after
{Heap after GC invocations=16 (full 0):
 garbage-first heap   total 739328K, used 2908K [0x0000000601a00000, 0x0000000800000000)
  region size 2048K, 1 young (2048K), 1 survivors (2048K)
 Metaspace       used 8665K, capacity 8901K, committed 9088K, reserved 1056768K
  class space    used 743K, capacity 791K, committed 896K, reserved 1048576K
}
Event: 16.728 GC heap before
{Heap before GC invocations=16 (full 0):
 garbage-first heap   total 739328K, used 441180K [0x0000000601a00000, 0x0000000800000000)
  region size 2048K, 216 young (442368K), 1 survivors (2048K)
 Metaspace       used 8665K, capacity 8901K, committed 9088K, reserved 1056768K
  class space    used 743K, capacity 791K, committed 896K, reserved 1048576K
}
Event: 16.729 GC heap after
{Heap after GC invocations=17 (full 0):
 garbage-first heap   total 739328K, used 2915K [0x0000000601a00000, 0x0000000800000000)
  region size 2048K, 1 young (2048K), 1 survivors (2048K)
 Metaspace       used 8665K, capacity 8901K, committed 9088K, reserved 1056768K
  class space    used 743K, capacity 791K, committed 896K, reserved 1048576K
}
Event: 16.760 GC heap before
{Heap before GC invocations=17 (full 0):
 garbage-first heap   total 739328K, used 441187K [0x0000000601a00000, 0x0000000800000000)
  region size 2048K, 216 young (442368K), 1 survivors (2048K)
 Metaspace       used 8665K, capacity 8901K, committed 9088K, reserved 1056768K
  class space    used 743K, capacity 791K, committed 896K, reserved 1048576K
}
Event: 16.761 GC heap after
{Heap after GC invocations=18 (full 0):
 garbage-first heap   total 739328K, used 2923K [0x0000000601a00000, 0x0000000800000000)
  region size 2048K, 1 young (2048K), 1 survivors (2048K)
 Metaspace       used 8665K, capacity 8901K, committed 9088K, reserved 1056768K
  class space    used 743K, capacity 791K, committed 896K, reserved 1048576K
}
Event: 16.791 GC heap before
{Heap before GC invocations=18 (full 0):
 garbage-first heap   total 739328K, used 441195K [0x0000000601a00000, 0x0000000800000000)
  region size 2048K, 216 young (442368K), 1 survivors (2048K)
 Metaspace       used 8665K, capacity 8901K, committed 9088K, reserved 1056768K
  class space    used 743K, capacity 791K, committed 896K, reserved 1048576K
}

